<?xml version="1.0" encoding="UTF-8"?>
<testng-results skipped="0" failed="0" total="1" passed="1">
  <reporter-output>
  </reporter-output>
  <suite name="Default suite" duration-ms="10872" started-at="2018-03-19T12:31:02Z" finished-at="2018-03-19T12:31:13Z">
    <groups>
    </groups>
    <test name="Default test" duration-ms="10872" started-at="2018-03-19T12:31:02Z" finished-at="2018-03-19T12:31:13Z">
      <class name="com.bbc.n.bbc.SeleniumDemo">
        <test-method status="PASS" signature="ChromeDemo()[pri:0, instance:com.bbc.n.bbc.SeleniumDemo@6a4f787b]" name="ChromeDemo" duration-ms="10854" started-at="2018-03-19T20:31:02Z" finished-at="2018-03-19T20:31:13Z">
          <reporter-output>
          </reporter-output>
        </test-method> <!-- ChromeDemo -->
      </class> <!-- com.bbc.n.bbc.SeleniumDemo -->
    </test> <!-- Default test -->
  </suite> <!-- Default suite -->
</testng-results>
